Using pre-set license
Built from '6000.0/release' branch; Version is '6000.0.44f1 (101c91f3a8fb) revision 1055889'; Using compiler version '193933523'; Build Type 'Release'
OS: 'Windows 11  (10.0.26100) 64bit Core' Language: 'pt' Physical Memory: 14229 MB
BatchMode: 1, IsHumanControllingUs: 0, StartBugReporterOnCrash: 0, Is64bit: 1, IsPro: 1

COMMAND LINE ARGUMENTS:
C:\Program Files\Unity\Hub\Editor\6000.0.44f1\Editor\Unity.exe
-adb2
-batchMode
-noUpm
-name
AssetImportWorker3
-projectPath
C:/Users/gbeck/OneDrive/Documentos/GitHub/level-design
-logFile
Logs/AssetImportWorker3.log
-srvPort
59893
-job-worker-count
5
-background-job-worker-count
8
-gc-helper-count
1
Successfully changed project path to: C:/Users/gbeck/OneDrive/Documentos/GitHub/level-design
C:/Users/gbeck/OneDrive/Documentos/GitHub/level-design
[UnityMemory] Configuration Parameters - Can be set up in boot.config
    "memorysetup-bucket-allocator-granularity=16"
    "memorysetup-bucket-allocator-bucket-count=8"
    "memorysetup-bucket-allocator-block-size=33554432"
    "memorysetup-bucket-allocator-block-count=8"
    "memorysetup-main-allocator-block-size=16777216"
    "memorysetup-thread-allocator-block-size=16777216"
    "memorysetup-gfx-main-allocator-block-size=16777216"
    "memorysetup-gfx-thread-allocator-block-size=16777216"
    "memorysetup-cache-allocator-block-size=4194304"
    "memorysetup-typetree-allocator-block-size=2097152"
    "memorysetup-profiler-bucket-allocator-granularity=16"
    "memorysetup-profiler-bucket-allocator-bucket-count=8"
    "memorysetup-profiler-bucket-allocator-block-size=33554432"
    "memorysetup-profiler-bucket-allocator-block-count=8"
    "memorysetup-profiler-allocator-block-size=16777216"
    "memorysetup-profiler-editor-allocator-block-size=1048576"
    "memorysetup-temp-allocator-size-main=16777216"
    "memorysetup-job-temp-allocator-block-size=2097152"
    "memorysetup-job-temp-allocator-block-size-background=1048576"
    "memorysetup-job-temp-allocator-reduction-small-platforms=262144"
    "memorysetup-allocator-temp-initial-block-size-main=262144"
    "memorysetup-allocator-temp-initial-block-size-worker=262144"
    "memorysetup-temp-allocator-size-background-worker=32768"
    "memorysetup-temp-allocator-size-job-worker=262144"
    "memorysetup-temp-allocator-size-preload-manager=33554432"
    "memorysetup-temp-allocator-size-nav-mesh-worker=65536"
    "memorysetup-temp-allocator-size-audio-worker=65536"
    "memorysetup-temp-allocator-size-cloud-worker=32768"
    "memorysetup-temp-allocator-size-gi-baking-worker=262144"
    "memorysetup-temp-allocator-size-gi-baking-worker=262144"
    "memorysetup-temp-allocator-size-gi-baking-worker=262144"
    "memorysetup-temp-allocator-size-gi-baking-worker=262144"
    "memorysetup-temp-allocator-size-gi-baking-worker=262144"
    "memorysetup-temp-allocator-size-gfx=262144"
Player connection [22312]  Target information:

Player connection [22312]  * "[IP] 192.168.15.3 [Port] 0 [Flags] 2 [Guid] 4270454816 [EditorId] 4270454816 [Version] 1048832 [Id] WindowsEditor(7,Becker) [Debug] 1 [PackageName] WindowsEditor [ProjectName] Editor" 

Player connection [22312] Host joined multi-casting on [225.0.0.222:54997]...
Player connection [22312] Host joined alternative multi-casting on [225.0.0.222:34997]...
JobSystem: Creating JobQueue using job-worker-count value 5
Input System module state changed to: Initialized.
[Physics::Module] Initialized fallback backend.
[Physics::Module] Id: 0xdecafbad
Library Redirect Path: Library/
[Physics::Module] Selected backend.
[Physics::Module] Name: PhysX
[Physics::Module] Id: 0xf2b8ea05
[Physics::Module] SDK Version: 4.1.2
[Physics::Module] Integration Version: 1.0.0
[Physics::Module] Threading Mode: Multi-Threaded
Refreshing native plugins compatible for Editor in 11.03 ms, found 9 plugins.
Preloading 1 native plugins for Editor in 1.61 ms.
Initialize engine version: 6000.0.44f1 (101c91f3a8fb)
[Subsystems] Discovering subsystems at path C:/Program Files/Unity/Hub/Editor/6000.0.44f1/Editor/Data/Resources/UnitySubsystems
[Subsystems] Discovering subsystems at path C:/Users/gbeck/OneDrive/Documentos/GitHub/level-design/Assets
GfxDevice: creating device client; kGfxThreadingModeNonThreaded
Direct3D:
    Version:  Direct3D 11.0 [level 11.1]
    Renderer: AMD Radeon(TM) Graphics (ID=0x1636)
    Vendor:   ATI
    VRAM:     7114 MB
    Driver:   31.0.21921.1000
Initialize mono
Mono path[0] = 'C:/Program Files/Unity/Hub/Editor/6000.0.44f1/Editor/Data/Managed'
Mono path[1] = 'C:/Program Files/Unity/Hub/Editor/6000.0.44f1/Editor/Data/MonoBleedingEdge/lib/mono/unityjit-win32'
Mono config path = 'C:/Program Files/Unity/Hub/Editor/6000.0.44f1/Editor/Data/MonoBleedingEdge/etc'
Using monoOptions --debugger-agent=transport=dt_socket,embedding=1,server=y,suspend=n,address=127.0.0.1:56328
Begin MonoManager ReloadAssembly
Registering precompiled unity dll's ...
Register platform support module: C:/Program Files/Unity/Hub/Editor/6000.0.44f1/Editor/Data/PlaybackEngines/WebGLSupport/UnityEditor.WebGL.Extensions.dll
Register platform support module: C:/Program Files/Unity/Hub/Editor/6000.0.44f1/Editor/Data/PlaybackEngines/WindowsStandaloneSupport/UnityEditor.WindowsStandalone.Extensions.dll
Register platform support module: C:/Program Files/Unity/Hub/Editor/6000.0.44f1/Editor/Data/PlaybackEngines/AndroidPlayer/UnityEditor.Android.Extensions.dll
Registered in 0.005454 seconds.
- Loaded All Assemblies, in  0.473 seconds
Native extension for Android target not found
Android Extension - Scanning For ADB Devices 297 ms
Native extension for WindowsStandalone target not found
Native extension for WebGL target not found
Mono: successfully reloaded assembly
- Finished resetting the current domain, in  0.730 seconds
Domain Reload Profiling: 1201ms
	BeginReloadAssembly (162ms)
		ExecutionOrderSort (0ms)
		DisableScriptedObjects (0ms)
		BackupInstance (0ms)
		ReleaseScriptingObjects (0ms)
		CreateAndSetChildDomain (1ms)
	RebuildCommonClasses (46ms)
	RebuildNativeTypeToScriptingClass (13ms)
	initialDomainReloadingComplete (55ms)
	LoadAllAssembliesAndSetupDomain (194ms)
		LoadAssemblies (160ms)
		RebuildTransferFunctionScriptingTraits (0ms)
		AnalyzeDomain (190ms)
			TypeCache.Refresh (188ms)
				TypeCache.ScanAssembly (172ms)
			BuildScriptInfoCaches (0ms)
			ResolveRequiredComponents (1ms)
	FinalizeReload (731ms)
		ReleaseScriptCaches (0ms)
		RebuildScriptCaches (0ms)
		SetupLoadedEditorAssemblies (695ms)
			LogAssemblyErrors (0ms)
			InitializePlatformSupportModulesInManaged (394ms)
			SetLoadedEditorAssemblies (6ms)
			BeforeProcessingInitializeOnLoad (58ms)
			ProcessInitializeOnLoadAttributes (168ms)
			ProcessInitializeOnLoadMethodAttributes (70ms)
			AfterProcessingInitializeOnLoad (0ms)
			EditorAssembliesLoaded (0ms)
		ExecutionOrderSort2 (0ms)
		AwakeInstancesAfterBackupRestoration (0ms)
========================================================================
Worker process is ready to serve import requests
Import Worker Mode flag is 0x00
Begin MonoManager ReloadAssembly
- Loaded All Assemblies, in  0.908 seconds
Refreshing native plugins compatible for Editor in 4.84 ms, found 9 plugins.
Native extension for Android target not found
Native extension for WindowsStandalone target not found
Native extension for WebGL target not found
[MODES] ModeService[none].Initialize
[MODES] ModeService[none].LoadModes
[MODES] Loading mode Default (0) for mode-current-id-level design
Mono: successfully reloaded assembly
- Finished resetting the current domain, in  1.074 seconds
Domain Reload Profiling: 1977ms
	BeginReloadAssembly (190ms)
		ExecutionOrderSort (0ms)
		DisableScriptedObjects (7ms)
		BackupInstance (0ms)
		ReleaseScriptingObjects (0ms)
		CreateAndSetChildDomain (36ms)
	RebuildCommonClasses (44ms)
	RebuildNativeTypeToScriptingClass (13ms)
	initialDomainReloadingComplete (44ms)
	LoadAllAssembliesAndSetupDomain (612ms)
		LoadAssemblies (423ms)
		RebuildTransferFunctionScriptingTraits (0ms)
		AnalyzeDomain (299ms)
			TypeCache.Refresh (227ms)
				TypeCache.ScanAssembly (207ms)
			BuildScriptInfoCaches (57ms)
			ResolveRequiredComponents (10ms)
	FinalizeReload (1074ms)
		ReleaseScriptCaches (0ms)
		RebuildScriptCaches (0ms)
		SetupLoadedEditorAssemblies (940ms)
			LogAssemblyErrors (0ms)
			InitializePlatformSupportModulesInManaged (14ms)
			SetLoadedEditorAssemblies (6ms)
			BeforeProcessingInitializeOnLoad (120ms)
			ProcessInitializeOnLoadAttributes (755ms)
			ProcessInitializeOnLoadMethodAttributes (41ms)
			AfterProcessingInitializeOnLoad (5ms)
			EditorAssembliesLoaded (0ms)
		ExecutionOrderSort2 (0ms)
		AwakeInstancesAfterBackupRestoration (6ms)
Launched and connected shader compiler UnityShaderCompiler.exe after 0.02 seconds
Refreshing native plugins compatible for Editor in 5.00 ms, found 9 plugins.
Preloading 1 native plugins for Editor in 0.09 ms.
Unloading 118 Unused Serialized files (Serialized files now loaded: 0)
Unloading 5078 unused Assets / (5.9 MB). Loaded Objects now: 5625.
Memory consumption went from 135.6 MB to 129.7 MB.
Total: 12.240000 ms (FindLiveObjects: 0.718400 ms CreateObjectMapping: 0.868500 ms MarkObjects: 7.277900 ms  DeleteObjects: 3.373400 ms)

========================================================================
Received Import Request.
  Time since last request: 115030.661346 seconds.
  path: Assets/polygonTrees/polygonTrees/prefabs/tree/trees/meshCollider/purpleTree Variant.prefab
  artifactKey: Guid(b48b3f383c0a3bed59db17486d85a6e0) Importer(815301076,1909f56bfc062723c751e8b465ee728b)
Start importing Assets/polygonTrees/polygonTrees/prefabs/tree/trees/meshCollider/purpleTree Variant.prefab using Guid(b48b3f383c0a3bed59db17486d85a6e0) Importer(815301076,1909f56bfc062723c751e8b465ee728b) (PreviewImporter) -> (artifact id: '329137031d1b8062fe8b30230bbbaac2') in 0.1937536 seconds
Number of updated asset objects reloaded before import = 0Number of asset objects unloaded after import = 18

========================================================================
Received Import Request.
  Time since last request: 0.000038 seconds.
  path: Assets/polygonTrees/polygonTrees/prefabs/tree/trees/simpleTree Variant.prefab
  artifactKey: Guid(e021f2107856b97978976612624c27b8) Importer(815301076,1909f56bfc062723c751e8b465ee728b)
Start importing Assets/polygonTrees/polygonTrees/prefabs/tree/trees/simpleTree Variant.prefab using Guid(e021f2107856b97978976612624c27b8) Importer(815301076,1909f56bfc062723c751e8b465ee728b) (PreviewImporter) -> (artifact id: '5545a617fa30f58faad746666c97bb58') in 0.0807882 seconds
Number of updated asset objects reloaded before import = 0Number of asset objects unloaded after import = 19

========================================================================
Received Import Request.
  Time since last request: 0.000099 seconds.
  path: Assets/polygonTrees/polygonTrees/prefabs/prefabLODs/rockL/redRockL.prefab
  artifactKey: Guid(5e4969b7c686510f0b6e1099396d9c2e) Importer(815301076,1909f56bfc062723c751e8b465ee728b)
Start importing Assets/polygonTrees/polygonTrees/prefabs/prefabLODs/rockL/redRockL.prefab using Guid(5e4969b7c686510f0b6e1099396d9c2e) Importer(815301076,1909f56bfc062723c751e8b465ee728b) (PreviewImporter) -> (artifact id: '0ef6ea8a741f1947e8d74796144210c6') in 0.0580905 seconds
Number of updated asset objects reloaded before import = 0Number of asset objects unloaded after import = 41

========================================================================
Received Import Request.
  Time since last request: 0.000089 seconds.
  path: Assets/Advance Studios/Medieval Castle/Prefabs/Simple Door Frame.prefab
  artifactKey: Guid(6336862f86e872944895b7c5569e9988) Importer(815301076,1909f56bfc062723c751e8b465ee728b)
Start importing Assets/Advance Studios/Medieval Castle/Prefabs/Simple Door Frame.prefab using Guid(6336862f86e872944895b7c5569e9988) Importer(815301076,1909f56bfc062723c751e8b465ee728b) (PreviewImporter) -> (artifact id: '751a6332ed2101825bb774aea5cd7864') in 0.0318703 seconds
Number of updated asset objects reloaded before import = 0Number of asset objects unloaded after import = 16

========================================================================
Received Import Request.
  Time since last request: 0.000032 seconds.
  path: Assets/polygonTrees/polygonTrees/prefabs/prefabLODs/shurbs/shrubL.prefab
  artifactKey: Guid(d46694807bb21ec4c905c44d402326b8) Importer(815301076,1909f56bfc062723c751e8b465ee728b)
Start importing Assets/polygonTrees/polygonTrees/prefabs/prefabLODs/shurbs/shrubL.prefab using Guid(d46694807bb21ec4c905c44d402326b8) Importer(815301076,1909f56bfc062723c751e8b465ee728b) (PreviewImporter) -> (artifact id: '3dbb512cf89d2a8f9c224b9b0512a726') in 0.1042451 seconds
Number of updated asset objects reloaded before import = 0Number of asset objects unloaded after import = 44

========================================================================
Received Import Request.
  Time since last request: 5.889317 seconds.
  path: Assets/LowPolyDungeonsLite/Prefabs/Table_01.prefab
  artifactKey: Guid(c65426a375c90574a95eaaf4840e9481) Importer(815301076,1909f56bfc062723c751e8b465ee728b)
Start importing Assets/LowPolyDungeonsLite/Prefabs/Table_01.prefab using Guid(c65426a375c90574a95eaaf4840e9481) Importer(815301076,1909f56bfc062723c751e8b465ee728b) (PreviewImporter) -> (artifact id: '0f1b32d416e15d137bf4e887822d8dea') in 0.0363523 seconds
Number of updated asset objects reloaded before import = 0Number of asset objects unloaded after import = 10

========================================================================
Received Import Request.
  Time since last request: 0.000029 seconds.
  path: Assets/polygonTrees/polygonTrees/prefabs/tree/trees/meshCollider/tree Variant.prefab
  artifactKey: Guid(7efdb8014b1a7d0e8a1c26bf74dd3e0d) Importer(815301076,1909f56bfc062723c751e8b465ee728b)
Start importing Assets/polygonTrees/polygonTrees/prefabs/tree/trees/meshCollider/tree Variant.prefab using Guid(7efdb8014b1a7d0e8a1c26bf74dd3e0d) Importer(815301076,1909f56bfc062723c751e8b465ee728b) (PreviewImporter) -> (artifact id: 'b134291bc51e9a4e837588a8eaa173ee') in 0.0524605 seconds
Number of updated asset objects reloaded before import = 0Number of asset objects unloaded after import = 19

========================================================================
Received Import Request.
  Time since last request: 0.000117 seconds.
  path: Assets/polygonTrees/polygonTrees/prefabs/prefabLODs/trees/tree1L.prefab
  artifactKey: Guid(e1058c6956dd308aeaf75230cea768c0) Importer(815301076,1909f56bfc062723c751e8b465ee728b)
Start importing Assets/polygonTrees/polygonTrees/prefabs/prefabLODs/trees/tree1L.prefab using Guid(e1058c6956dd308aeaf75230cea768c0) Importer(815301076,1909f56bfc062723c751e8b465ee728b) (PreviewImporter) -> (artifact id: '08795cd25c1e79ec0146d571160ccbc4') in 0.1409186 seconds
Number of updated asset objects reloaded before import = 0Number of asset objects unloaded after import = 44

========================================================================
Received Import Request.
  Time since last request: 0.000106 seconds.
  path: Assets/Advance Studios/Medieval Castle/Prefabs/Tower B.prefab
  artifactKey: Guid(9ef95eb74fbef4145bc387e83b897495) Importer(815301076,1909f56bfc062723c751e8b465ee728b)
Start importing Assets/Advance Studios/Medieval Castle/Prefabs/Tower B.prefab using Guid(9ef95eb74fbef4145bc387e83b897495) Importer(815301076,1909f56bfc062723c751e8b465ee728b) (PreviewImporter) -> (artifact id: '647308a4d4b5032d94066d220937ae0f') in 0.0665442 seconds
Number of updated asset objects reloaded before import = 0Number of asset objects unloaded after import = 10

========================================================================
Received Prepare
Begin MonoManager ReloadAssembly
- Loaded All Assemblies, in  1.019 seconds
Refreshing native plugins compatible for Editor in 6.28 ms, found 9 plugins.
Native extension for Android target not found
Native extension for WindowsStandalone target not found
Native extension for WebGL target not found
[MODES] ModeService[none].Initialize
[MODES] ModeService[none].LoadModes
Mono: successfully reloaded assembly
- Finished resetting the current domain, in  1.187 seconds
Domain Reload Profiling: 2204ms
	BeginReloadAssembly (260ms)
		ExecutionOrderSort (0ms)
		DisableScriptedObjects (9ms)
		BackupInstance (0ms)
		ReleaseScriptingObjects (0ms)
		CreateAndSetChildDomain (66ms)
	RebuildCommonClasses (59ms)
	RebuildNativeTypeToScriptingClass (16ms)
	initialDomainReloadingComplete (40ms)
	LoadAllAssembliesAndSetupDomain (642ms)
		LoadAssemblies (520ms)
		RebuildTransferFunctionScriptingTraits (0ms)
		AnalyzeDomain (258ms)
			TypeCache.Refresh (10ms)
				TypeCache.ScanAssembly (0ms)
			BuildScriptInfoCaches (231ms)
			ResolveRequiredComponents (13ms)
	FinalizeReload (1188ms)
		ReleaseScriptCaches (0ms)
		RebuildScriptCaches (0ms)
		SetupLoadedEditorAssemblies (1007ms)
			LogAssemblyErrors (0ms)
			InitializePlatformSupportModulesInManaged (18ms)
			SetLoadedEditorAssemblies (6ms)
			BeforeProcessingInitializeOnLoad (131ms)
			ProcessInitializeOnLoadAttributes (772ms)
			ProcessInitializeOnLoadMethodAttributes (71ms)
			AfterProcessingInitializeOnLoad (8ms)
			EditorAssembliesLoaded (1ms)
		ExecutionOrderSort2 (0ms)
		AwakeInstancesAfterBackupRestoration (11ms)
Refreshing native plugins compatible for Editor in 9.28 ms, found 9 plugins.
Preloading 1 native plugins for Editor in 0.11 ms.
Unloading 28 Unused Serialized files (Serialized files now loaded: 0)
Unloading 5080 unused Assets / (6.1 MB). Loaded Objects now: 5638.
Memory consumption went from 119.8 MB to 113.7 MB.
Total: 18.231800 ms (FindLiveObjects: 1.526800 ms CreateObjectMapping: 0.955700 ms MarkObjects: 9.968900 ms  DeleteObjects: 5.778800 ms)

Prepare: number of updated asset objects reloaded= 0
